<?xml version="1.0" encoding="UTF-8"?>
<!-- Generated by org.testng.reporters.JUnitReportReporter -->
<testsuite hostname="Dhruv" failures="0" tests="8" name="api.Tests.DataDrivenTest" time="15.868" errors="0" timestamp="2024-01-25T12:16:48 IST" skipped="0">
  <testcase classname="api.Tests.DataDrivenTest" name="testPostUser" time="3.383"/>
  <system-out/>
  <testcase classname="api.Tests.DataDrivenTest" name="testPostUser" time="1.941"/>
  <system-out/>
  <testcase classname="api.Tests.DataDrivenTest" name="testPostUser" time="1.836"/>
  <system-out/>
  <testcase classname="api.Tests.DataDrivenTest" name="testPostUser" time="1.753"/>
  <system-out/>
  <testcase classname="api.Tests.DataDrivenTest" name="testDeleteUser" time="1.841"/>
  <system-out/>
  <testcase classname="api.Tests.DataDrivenTest" name="testDeleteUser" time="1.635"/>
  <system-out/>
  <testcase classname="api.Tests.DataDrivenTest" name="testDeleteUser" time="1.842"/>
  <system-out/>
  <testcase classname="api.Tests.DataDrivenTest" name="testDeleteUser" time="1.637"/>
  <system-out/>
</testsuite> <!-- api.Tests.DataDrivenTest -->
