<?xml version="1.0" encoding="UTF-8"?>
<!-- Generated by org.testng.reporters.JUnitReportReporter -->
<testsuite hostname="Dhruv" failures="0" tests="4" name="api.Tests.UserTests" time="10.283" errors="0" timestamp="2024-01-26T15:41:08 IST" skipped="0">
  <testcase classname="api.Tests.UserTests" name="testPostUser" time="3.910"/>
  <system-out/>
  <testcase classname="api.Tests.UserTests" name="testGetUser" time="2.185"/>
  <system-out/>
  <testcase classname="api.Tests.UserTests" name="testUpdateUser" time="2.041"/>
  <system-out/>
  <testcase classname="api.Tests.UserTests" name="testDeleteUser" time="2.147"/>
  <system-out/>
</testsuite> <!-- api.Tests.UserTests -->
