<?xml version="1.0" encoding="UTF-8"?>
<!-- Generated by org.testng.reporters.JUnitReportReporter -->
<testsuite hostname="Dhruv" failures="0" tests="4" name="api.Tests.UserTests" time="8.951" errors="0" timestamp="2023-12-20T16:28:52 IST" skipped="0">
  <testcase classname="api.Tests.UserTests" name="testPostUser" time="3.885"/>
  <system-out/>
  <testcase classname="api.Tests.UserTests" name="testGetUser" time="1.843"/>
  <system-out/>
  <testcase classname="api.Tests.UserTests" name="testUpdateUser" time="1.598"/>
  <system-out/>
  <testcase classname="api.Tests.UserTests" name="testDeleteUser" time="1.625"/>
  <system-out/>
</testsuite> <!-- api.Tests.UserTests -->
