<?xml version="1.0" encoding="UTF-8"?>
<!-- Generated by org.testng.reporters.JUnitReportReporter -->
<testsuite hostname="Dhruv" failures="0" tests="4" name="api.Tests.UserTests" time="9.615" errors="0" timestamp="2023-11-04T11:49:34 IST" skipped="0">
  <testcase classname="api.Tests.UserTests" name="testPostUser" time="4.260"/>
  <system-out/>
  <testcase classname="api.Tests.UserTests" name="testGetUser" time="1.710"/>
  <system-out/>
  <testcase classname="api.Tests.UserTests" name="testUpdateUser" time="1.925"/>
  <system-out/>
  <testcase classname="api.Tests.UserTests" name="testDeleteUser" time="1.720"/>
  <system-out/>
</testsuite> <!-- api.Tests.UserTests -->
