<?xml version="1.0" encoding="UTF-8"?>
<!-- Generated by org.testng.reporters.JUnitReportReporter -->
<testsuite hostname="Dhruv" failures="0" tests="4" name="api.Tests.UserTests" time="11.986" errors="0" timestamp="2024-02-06T21:29:39 IST" skipped="0">
  <testcase classname="api.Tests.UserTests" name="testPostUser" time="4.335"/>
  <system-out/>
  <testcase classname="api.Tests.UserTests" name="testGetUser" time="2.860"/>
  <system-out/>
  <testcase classname="api.Tests.UserTests" name="testUpdateUser" time="2.342"/>
  <system-out/>
  <testcase classname="api.Tests.UserTests" name="testDeleteUser" time="2.449"/>
  <system-out/>
</testsuite> <!-- api.Tests.UserTests -->
