<?xml version="1.0" encoding="UTF-8"?>
<!-- Generated by org.testng.reporters.JUnitReportReporter -->
<testsuite hostname="Dhruv" failures="0" tests="4" name="api.Tests.UserTests" time="15.379" errors="0" timestamp="2023-11-04T19:03:21 IST" skipped="0">
  <testcase classname="api.Tests.UserTests" name="testPostUser" time="10.410"/>
  <system-out/>
  <testcase classname="api.Tests.UserTests" name="testGetUser" time="1.644"/>
  <system-out/>
  <testcase classname="api.Tests.UserTests" name="testUpdateUser" time="1.675"/>
  <system-out/>
  <testcase classname="api.Tests.UserTests" name="testDeleteUser" time="1.650"/>
  <system-out/>
</testsuite> <!-- api.Tests.UserTests -->
