<?xml version="1.0" encoding="UTF-8"?>
<!-- Generated by org.testng.reporters.JUnitReportReporter -->
<testsuite hostname="Dhruv" failures="0" tests="8" name="api.Tests.DataDrivenTest" time="18.807" errors="0" timestamp="2023-11-04T08:09:05 IST" skipped="0">
  <testcase classname="api.Tests.DataDrivenTest" name="testPostUser" time="4.167"/>
  <system-out/>
  <testcase classname="api.Tests.DataDrivenTest" name="testPostUser" time="2.246"/>
  <system-out/>
  <testcase classname="api.Tests.DataDrivenTest" name="testPostUser" time="1.955"/>
  <system-out/>
  <testcase classname="api.Tests.DataDrivenTest" name="testPostUser" time="2.081"/>
  <system-out/>
  <testcase classname="api.Tests.DataDrivenTest" name="testDeleteUser" time="2.045"/>
  <system-out/>
  <testcase classname="api.Tests.DataDrivenTest" name="testDeleteUser" time="2.248"/>
  <system-out/>
  <testcase classname="api.Tests.DataDrivenTest" name="testDeleteUser" time="2.020"/>
  <system-out/>
  <testcase classname="api.Tests.DataDrivenTest" name="testDeleteUser" time="2.045"/>
  <system-out/>
</testsuite> <!-- api.Tests.DataDrivenTest -->
