<?xml version="1.0" encoding="UTF-8"?>
<!-- Generated by org.testng.reporters.JUnitReportReporter -->
<testsuite hostname="Dhruv" failures="0" tests="4" name="api.Tests.UserTests" time="11.976" errors="0" timestamp="2023-10-23T14:26:50 IST" skipped="0">
  <testcase classname="api.Tests.UserTests" name="testPostUser" time="5.402"/>
  <system-out/>
  <testcase classname="api.Tests.UserTests" name="testGetUser" time="2.502"/>
  <system-out/>
  <testcase classname="api.Tests.UserTests" name="testUpdateUser" time="1.926"/>
  <system-out/>
  <testcase classname="api.Tests.UserTests" name="testDeleteUser" time="2.146"/>
  <system-out/>
</testsuite> <!-- api.Tests.UserTests -->
