<?xml version="1.0" encoding="UTF-8"?>
<!-- Generated by org.testng.reporters.JUnitReportReporter -->
<testsuite hostname="Dhruv" failures="0" tests="4" name="api.Tests.UserTests2" time="9.312" errors="0" timestamp="2024-01-25T11:57:32 IST" skipped="0">
  <testcase classname="api.Tests.UserTests2" name="testPostUser" time="3.811"/>
  <system-out/>
  <testcase classname="api.Tests.UserTests2" name="testGetUser" time="1.931"/>
  <system-out/>
  <testcase classname="api.Tests.UserTests2" name="testUpdateUser" time="1.734"/>
  <system-out/>
  <testcase classname="api.Tests.UserTests2" name="testDeleteUser" time="1.836"/>
  <system-out/>
</testsuite> <!-- api.Tests.UserTests2 -->
