<?xml version="1.0" encoding="UTF-8"?>
<!-- Generated by org.testng.reporters.JUnitReportReporter -->
<testsuite hostname="Dhruv" failures="0" tests="4" name="api.Tests.UserTests2" time="12.886" errors="0" timestamp="2023-10-23T14:55:40 IST" skipped="0">
  <testcase classname="api.Tests.UserTests2" name="testPostUser" time="4.940"/>
  <system-out/>
  <testcase classname="api.Tests.UserTests2" name="testGetUser" time="2.216"/>
  <system-out/>
  <testcase classname="api.Tests.UserTests2" name="testUpdateUser" time="3.479"/>
  <system-out/>
  <testcase classname="api.Tests.UserTests2" name="testDeleteUser" time="2.251"/>
  <system-out/>
</testsuite> <!-- api.Tests.UserTests2 -->
