<?xml version="1.0" encoding="UTF-8"?>
<!-- Generated by org.testng.reporters.JUnitReportReporter -->
<testsuite hostname="Dhruv" failures="0" tests="4" name="api.Tests.UserTests" time="7.801" errors="0" timestamp="2024-03-18T13:44:41 IST" skipped="0">
  <testcase classname="api.Tests.UserTests" name="testPostUser" time="3.428"/>
  <system-out/>
  <testcase classname="api.Tests.UserTests" name="testGetUser" time="1.448"/>
  <system-out/>
  <testcase classname="api.Tests.UserTests" name="testUpdateUser" time="1.467"/>
  <system-out/>
  <testcase classname="api.Tests.UserTests" name="testDeleteUser" time="1.458"/>
  <system-out/>
</testsuite> <!-- api.Tests.UserTests -->
