<?xml version="1.0" encoding="UTF-8"?>
<!-- Generated by org.testng.reporters.JUnitReportReporter -->
<testsuite hostname="Dhruv" failures="0" tests="4" name="api.Tests.UserTests2" time="10.254" errors="0" timestamp="2023-10-24T02:30:56 IST" skipped="0">
  <testcase classname="api.Tests.UserTests2" name="testPostUser" time="4.460"/>
  <system-out/>
  <testcase classname="api.Tests.UserTests2" name="testGetUser" time="1.908"/>
  <system-out/>
  <testcase classname="api.Tests.UserTests2" name="testUpdateUser" time="2.148"/>
  <system-out/>
  <testcase classname="api.Tests.UserTests2" name="testDeleteUser" time="1.738"/>
  <system-out/>
</testsuite> <!-- api.Tests.UserTests2 -->
