<?xml version="1.0" encoding="UTF-8"?>
<!-- Generated by org.testng.reporters.JUnitReportReporter -->
<testsuite hostname="Dhruv" failures="0" tests="8" name="api.Tests.DataDrivenTest" time="31.234" errors="0" timestamp="2023-11-03T08:59:26 IST" skipped="0">
  <testcase classname="api.Tests.DataDrivenTest" name="testPostUser" time="4.246"/>
  <system-out/>
  <testcase classname="api.Tests.DataDrivenTest" name="testPostUser" time="3.022"/>
  <system-out/>
  <testcase classname="api.Tests.DataDrivenTest" name="testPostUser" time="5.539"/>
  <system-out/>
  <testcase classname="api.Tests.DataDrivenTest" name="testPostUser" time="2.421"/>
  <system-out/>
  <testcase classname="api.Tests.DataDrivenTest" name="testDeleteUser" time="2.394"/>
  <system-out/>
  <testcase classname="api.Tests.DataDrivenTest" name="testDeleteUser" time="1.786"/>
  <system-out/>
  <testcase classname="api.Tests.DataDrivenTest" name="testDeleteUser" time="5.975"/>
  <system-out/>
  <testcase classname="api.Tests.DataDrivenTest" name="testDeleteUser" time="5.851"/>
  <system-out/>
</testsuite> <!-- api.Tests.DataDrivenTest -->
