<?xml version="1.0" encoding="UTF-8"?>
<!-- Generated by org.testng.reporters.JUnitReportReporter -->
<testsuite hostname="Dhruv" failures="0" tests="8" name="api.Tests.DataDrivenTest" time="29.860" errors="0" timestamp="2023-11-04T19:05:10 IST" skipped="0">
  <testcase classname="api.Tests.DataDrivenTest" name="testPostUser" time="3.067"/>
  <system-out/>
  <testcase classname="api.Tests.DataDrivenTest" name="testPostUser" time="1.617"/>
  <system-out/>
  <testcase classname="api.Tests.DataDrivenTest" name="testPostUser" time="1.662"/>
  <system-out/>
  <testcase classname="api.Tests.DataDrivenTest" name="testPostUser" time="1.607"/>
  <system-out/>
  <testcase classname="api.Tests.DataDrivenTest" name="testDeleteUser" time="1.601"/>
  <system-out/>
  <testcase classname="api.Tests.DataDrivenTest" name="testDeleteUser" time="1.625"/>
  <system-out/>
  <testcase classname="api.Tests.DataDrivenTest" name="testDeleteUser" time="4.103"/>
  <system-out/>
  <testcase classname="api.Tests.DataDrivenTest" name="testDeleteUser" time="14.578"/>
  <system-out/>
</testsuite> <!-- api.Tests.DataDrivenTest -->
