<?xml version="1.0" encoding="UTF-8"?>
<!-- Generated by org.testng.reporters.JUnitReportReporter -->
<testsuite hostname="Dhruv" failures="0" tests="8" name="api.Tests.DataDrivenTest" time="18.439" errors="0" timestamp="2023-12-20T17:02:05 IST" skipped="0">
  <testcase classname="api.Tests.DataDrivenTest" name="testPostUser" time="3.977"/>
  <system-out/>
  <testcase classname="api.Tests.DataDrivenTest" name="testPostUser" time="1.942"/>
  <system-out/>
  <testcase classname="api.Tests.DataDrivenTest" name="testPostUser" time="2.251"/>
  <system-out/>
  <testcase classname="api.Tests.DataDrivenTest" name="testPostUser" time="2.290"/>
  <system-out/>
  <testcase classname="api.Tests.DataDrivenTest" name="testDeleteUser" time="2.149"/>
  <system-out/>
  <testcase classname="api.Tests.DataDrivenTest" name="testDeleteUser" time="2.045"/>
  <system-out/>
  <testcase classname="api.Tests.DataDrivenTest" name="testDeleteUser" time="1.944"/>
  <system-out/>
  <testcase classname="api.Tests.DataDrivenTest" name="testDeleteUser" time="1.841"/>
  <system-out/>
</testsuite> <!-- api.Tests.DataDrivenTest -->
